Determining if the pthread_create exist failed with the following output:
Change Dir: /home/pi/Desktop/dashgo/build/CMakeFiles/CMakeTmp

Run Build Command:"/usr/bin/make" "cmTC_a6c9e/fast"
/usr/bin/make -f CMakeFiles/cmTC_a6c9e.dir/build.make CMakeFiles/cmTC_a6c9e.dir/build
make[1]: Entering directory '/home/pi/Desktop/dashgo/build/CMakeFiles/CMakeTmp'
Building C object CMakeFiles/cmTC_a6c9e.dir/CheckSymbolExists.c.o
/usr/bin/cc     -o CMakeFiles/cmTC_a6c9e.dir/CheckSymbolExists.c.o   -c /home/pi/Desktop/dashgo/build/CMakeFiles/CMakeTmp/CheckSymbolExists.c
Linking C executable cmTC_a6c9e
/usr/bin/cmake -E cmake_link_script CMakeFiles/cmTC_a6c9e.dir/link.txt --verbose=1
/usr/bin/cc       CMakeFiles/cmTC_a6c9e.dir/CheckSymbolExists.c.o  -o cmTC_a6c9e -rdynamic 
CMakeFiles/cmTC_a6c9e.dir/CheckSymbolExists.c.o: In function `main':
CheckSymbolExists.c:(.text+0xe): undefined reference to `pthread_create'
CheckSymbolExists.c:(.text+0x12): undefined reference to `pthread_create'
collect2: error: ld returned 1 exit status
CMakeFiles/cmTC_a6c9e.dir/build.make:97: recipe for target 'cmTC_a6c9e' failed
make[1]: *** [cmTC_a6c9e] Error 1
make[1]: Leaving directory '/home/pi/Desktop/dashgo/build/CMakeFiles/CMakeTmp'
Makefile:126: recipe for target 'cmTC_a6c9e/fast' failed
make: *** [cmTC_a6c9e/fast] Error 2

File /home/pi/Desktop/dashgo/build/CMakeFiles/CMakeTmp/CheckSymbolExists.c:
/* */
#include <pthread.h>

int main(int argc, char** argv)
{
  (void)argv;
#ifndef pthread_create
  return ((int*)(&pthread_create))[argc];
#else
  (void)argc;
  return 0;
#endif
}

Determining if the function pthread_create exists in the pthreads failed with the following output:
Change Dir: /home/pi/Desktop/dashgo/build/CMakeFiles/CMakeTmp

Run Build Command:"/usr/bin/make" "cmTC_ca2cb/fast"
/usr/bin/make -f CMakeFiles/cmTC_ca2cb.dir/build.make CMakeFiles/cmTC_ca2cb.dir/build
make[1]: Entering directory '/home/pi/Desktop/dashgo/build/CMakeFiles/CMakeTmp'
Building C object CMakeFiles/cmTC_ca2cb.dir/CheckFunctionExists.c.o
/usr/bin/cc    -DCHECK_FUNCTION_EXISTS=pthread_create   -o CMakeFiles/cmTC_ca2cb.dir/CheckFunctionExists.c.o   -c /usr/share/cmake-3.5/Modules/CheckFunctionExists.c
Linking C executable cmTC_ca2cb
/usr/bin/cmake -E cmake_link_script CMakeFiles/cmTC_ca2cb.dir/link.txt --verbose=1
/usr/bin/cc   -DCHECK_FUNCTION_EXISTS=pthread_create    CMakeFiles/cmTC_ca2cb.dir/CheckFunctionExists.c.o  -o cmTC_ca2cb -rdynamic -lpthreads 
/usr/bin/ld: cannot find -lpthreads
collect2: error: ld returned 1 exit status
CMakeFiles/cmTC_ca2cb.dir/build.make:97: recipe for target 'cmTC_ca2cb' failed
make[1]: *** [cmTC_ca2cb] Error 1
make[1]: Leaving directory '/home/pi/Desktop/dashgo/build/CMakeFiles/CMakeTmp'
Makefile:126: recipe for target 'cmTC_ca2cb/fast' failed
make: *** [cmTC_ca2cb/fast] Error 2


